sites/all/modules/filefield/LICENSE.txt
sites/all/modules/filefield/field_file.inc
sites/all/modules/filefield/filefield.info
sites/all/modules/filefield/filefield.js
sites/all/modules/filefield/filefield.module
sites/all/modules/filefield/filefield.theme.inc
sites/all/modules/filefield/filefield_field.inc
sites/all/modules/filefield/filefield_formatter.inc
sites/all/modules/filefield/filefield_meta/filefield_meta.info
sites/all/modules/filefield/filefield_meta/filefield_meta.module
sites/all/modules/filefield/filefield_widget.inc
sites/all/modules/filefield/tests/filefield.test
sites/all/modules/webform/components/file.inc
sites/all/modules/webform/components/grid.inc
sites/all/modules/webform/components/number.inc
sites/all/modules/webform/components/select.inc
sites/all/modules/webform/components/time.inc
sites/all/modules/webform/includes/webform.admin.inc
sites/all/modules/webform/includes/webform.components.inc
sites/all/modules/webform/includes/webform.report.inc
sites/all/modules/webform/includes/webform.submissions.inc
sites/all/modules/webform/js/webform.js
sites/all/modules/webform/templates/webform-results-submissions.tpl.php
sites/all/modules/webform/webform.api.php
sites/all/modules/webform/webform.info
sites/all/modules/webform/webform.install
sites/all/modules/webform/webform.module
